<html>
<head>
<title>Булат Киямдинов build log</title>
<meta http-equiv="Content-Type" content="text/html; charset=utf-8" /></head>
<body>
<tt>
Build started on: <u>23-01-2023 at 17:41.58</u><br />
Build ended on: <u>23-01-2023 at 17:42.02</u><p />
<b>-------------- Build: Debug in Булат Киямдинов (compiler: NOT FOR PROJECTS! = MinGW GCC + Strict + Fast + Save (Requires Git))---------------</b><br />
g++git-auto.bat "D:\Multick1-main\Булат Киямдинов\main.cpp" -o "bin\Debug\Булат Киямдинов.exe" -mwindows  -Wall -fexceptions  -g  -Wshadow -Winit-self -Wredundant-decls -Wcast-align -Wundef -Wfloat-equal -Winline -Wunreachable-code -Wmissing-declarations -Wmissing-include-dirs -Wswitch-enum -Wswitch-default -Weffc++ -Wmain -Wextra -Wall -g -pipe -fexceptions -Wcast-qual -Wconversion -Wctor-dtor-privacy -Wempty-body -Wformat-security -Wformat=2 -Wignored-qualifiers -Wlogical-op -Wmissing-field-initializers -Wnon-virtual-dtor -Woverloaded-virtual -Wpointer-arith -Wsign-promo -Wstack-usage=8192 -Wstrict-aliasing -Wstrict-null-sentinel -Wtype-limits -Wwrite-strings -D_DEBUG -D_EJUDGE_CLIENT_SIDE -D_EJC<br />
------------------------------------------------------------------------------------------------------<br />
Compilation ERRORS:<br />
<br />
<font color="#ff0000">D:\Multick1-main\Булат Киямдинов\main.cpp:96:0: error: unterminated argument list invoking macro "txTransparentBlt"</font><br />
D:\Multick1-main\Булат Киямдинов\main.cpp: In function 'int main()':<br />
<font color="#ff0000">D:\Multick1-main\Булат Киямдинов\main.cpp:45:6: error: expected ';' at end of input</font><br />
      txTransparentBlt (txDC(), xAmogus, yAmogus, 50, 92, Amogus, 0, 0 (RGB(254, 114, 181));<br />
      ^<br />
<font color="#ff0000">D:\Multick1-main\Булат Киямдинов\main.cpp:45:6: error: statement cannot resolve address of overloaded function</font><br />
<font color="#ff0000">D:\Multick1-main\Булат Киямдинов\main.cpp:45:6: error: expected '}' at end of input</font><br />
<font color="#ff0000">D:\Multick1-main\Булат Киямдинов\main.cpp:45:6: error: expected '}' at end of input</font><br />
------------------------------------------------------------------------------------------------------<br />
Autosaving to the Git repository in D:/Multick1-main/ /.git-auto/... <br />
<font color="#a00000">Process terminated with status 1 (0 minutes, 4 seconds)</font><br />
<font color="#a00000">5 errors, 0 warnings (0 minutes, 4 seconds)</font><br />
</tt>
</body>
</html>
